# JRE version: Java(TM) SE Runtime Environment (8.0_40-b26) (build 1.8.0_40-b26)
# Java VM: Java HotSpot(TM) 64-Bit Server VM (25.40-b25 mixed mode linux-amd64 compressed oops)
Heap:
 PSYoungGen      total 287232K, used 0K [0x00000000eab00000, 0x0000000100000000, 0x0000000100000000)
  eden space 225280K, 0% used [0x00000000eab00000,0x00000000eab00000,0x00000000f8700000)
  from space 61952K, 0% used [0x00000000f8700000,0x00000000f8700000,0x00000000fc380000)
  to   space 61952K, 72% used [0x00000000fc380000,0x00000000fef31338,0x0000000100000000)
 ParOldGen       total 164352K, used 163977K [0x00000000c0000000, 0x00000000ca080000, 0x00000000eab00000)
  object space 164352K, 99% used [0x00000000c0000000,0x00000000ca022440,0x00000000ca080000)
 Metaspace       used 6085K, capacity 7216K, committed 7296K, reserved 1056768K
  class space    used 572K, capacity 616K, committed 640K, reserved 1048576K
GC Heap History (10 events):
Event: 3,060 GC heap after
Heap after GC invocations=9 (full 0):
 PSYoungGen      total 277504K, used 37364K [0x00000000eab00000, 0x0000000100000000, 0x0000000100000000)
  eden space 240128K, 0% used [0x00000000eab00000,0x00000000eab00000,0x00000000f9580000)
  from space 37376K, 99% used [0x00000000f9580000,0x00000000fb9fd2a0,0x00000000fba00000)
  to   space 54272K, 0% used [0x00000000fcb00000,0x00000000fcb00000,0x0000000100000000)
 ParOldGen       total 84992K, used 81603K [0x00000000c0000000, 0x00000000c5300000, 0x00000000eab00000)
  object space 84992K, 96% used [0x00000000c0000000,0x00000000c4fb0fb0,0x00000000c5300000)
 Metaspace       used 6061K, capacity 7216K, committed 7296K, reserved 1056768K
  class space    used 571K, capacity 616K, committed 640K, reserved 1048576K
}
Event: 3,060 GC heap before
{Heap before GC invocations=10 (full 1):
 PSYoungGen      total 277504K, used 37364K [0x00000000eab00000, 0x0000000100000000, 0x0000000100000000)
  eden space 240128K, 0% used [0x00000000eab00000,0x00000000eab00000,0x00000000f9580000)
  from space 37376K, 99% used [0x00000000f9580000,0x00000000fb9fd2a0,0x00000000fba00000)
  to   space 54272K, 0% used [0x00000000fcb00000,0x00000000fcb00000,0x0000000100000000)
 ParOldGen       total 84992K, used 81603K [0x00000000c0000000, 0x00000000c5300000, 0x00000000eab00000)
  object space 84992K, 96% used [0x00000000c0000000,0x00000000c4fb0fb0,0x00000000c5300000)
 Metaspace       used 6061K, capacity 7216K, committed 7296K, reserved 1056768K
  class space    used 571K, capacity 616K, committed 640K, reserved 1048576K
Event: 3,368 GC heap after
Heap after GC invocations=10 (full 1):
 PSYoungGen      total 277504K, used 27535K [0x00000000eab00000, 0x0000000100000000, 0x0000000100000000)
  eden space 240128K, 0% used [0x00000000eab00000,0x00000000eab00000,0x00000000f9580000)
  from space 37376K, 73% used [0x00000000f9580000,0x00000000fb063e58,0x00000000fba00000)
  to   space 54272K, 0% used [0x00000000fcb00000,0x00000000fcb00000,0x0000000100000000)
 ParOldGen       total 157184K, used 84922K [0x00000000c0000000, 0x00000000c9980000, 0x00000000eab00000)
  object space 157184K, 54% used [0x00000000c0000000,0x00000000c52ee9e0,0x00000000c9980000)
 Metaspace       used 6061K, capacity 7216K, committed 7296K, reserved 1056768K
  class space    used 571K, capacity 616K, committed 640K, reserved 1048576K
}
Event: 3,847 GC heap before
{Heap before GC invocations=11 (full 1):
 PSYoungGen      total 277504K, used 267663K [0x00000000eab00000, 0x0000000100000000, 0x0000000100000000)
  eden space 240128K, 100% used [0x00000000eab00000,0x00000000f9580000,0x00000000f9580000)
  from space 37376K, 73% used [0x00000000f9580000,0x00000000fb063e58,0x00000000fba00000)
  to   space 54272K, 0% used [0x00000000fcb00000,0x00000000fcb00000,0x0000000100000000)
 ParOldGen       total 157184K, used 84922K [0x00000000c0000000, 0x00000000c9980000, 0x00000000eab00000)
  object space 157184K, 54% used [0x00000000c0000000,0x00000000c52ee9e0,0x00000000c9980000)
 Metaspace       used 6075K, capacity 7216K, committed 7296K, reserved 1056768K
  class space    used 571K, capacity 616K, committed 640K, reserved 1048576K
Event: 3,895 GC heap after
Heap after GC invocations=11 (full 1):
 PSYoungGen      total 279552K, used 51717K [0x00000000eab00000, 0x0000000100000000, 0x0000000100000000)
  eden space 225280K, 0% used [0x00000000eab00000,0x00000000eab00000,0x00000000f8700000)
  from space 54272K, 95% used [0x00000000fcb00000,0x00000000ffd81788,0x0000000100000000)
  to   space 61952K, 0% used [0x00000000f8700000,0x00000000f8700000,0x00000000fc380000)
 ParOldGen       total 157184K, used 94761K [0x00000000c0000000, 0x00000000c9980000, 0x00000000eab00000)
  object space 157184K, 60% used [0x00000000c0000000,0x00000000c5c8a4a0,0x00000000c9980000)
 Metaspace       used 6075K, capacity 7216K, committed 7296K, reserved 1056768K
  class space    used 571K, capacity 616K, committed 640K, reserved 1048576K
}
Event: 4,363 GC heap before
{Heap before GC invocations=12 (full 1):
 PSYoungGen      total 279552K, used 276997K [0x00000000eab00000, 0x0000000100000000, 0x0000000100000000)
  eden space 225280K, 100% used [0x00000000eab00000,0x00000000f8700000,0x00000000f8700000)
  from space 54272K, 95% used [0x00000000fcb00000,0x00000000ffd81788,0x0000000100000000)
  to   space 61952K, 0% used [0x00000000f8700000,0x00000000f8700000,0x00000000fc380000)
 ParOldGen       total 157184K, used 94761K [0x00000000c0000000, 0x00000000c9980000, 0x00000000eab00000)
  object space 157184K, 60% used [0x00000000c0000000,0x00000000c5c8a4a0,0x00000000c9980000)
 Metaspace       used 6078K, capacity 7216K, committed 7296K, reserved 1056768K
  class space    used 571K, capacity 616K, committed 640K, reserved 1048576K
Event: 4,414 GC heap after
Heap after GC invocations=12 (full 1):
 PSYoungGen      total 287232K, used 61935K [0x00000000eab00000, 0x0000000100000000, 0x0000000100000000)
  eden space 225280K, 0% used [0x00000000eab00000,0x00000000eab00000,0x00000000f8700000)
  from space 61952K, 99% used [0x00000000f8700000,0x00000000fc37be40,0x00000000fc380000)
  to   space 61952K, 0% used [0x00000000fc380000,0x00000000fc380000,0x0000000100000000)
 ParOldGen       total 157184K, used 117189K [0x00000000c0000000, 0x00000000c9980000, 0x00000000eab00000)
  object space 157184K, 74% used [0x00000000c0000000,0x00000000c7271710,0x00000000c9980000)
 Metaspace       used 6078K, capacity 7216K, committed 7296K, reserved 1056768K
  class space    used 571K, capacity 616K, committed 640K, reserved 1048576K
}
Event: 5,052 GC heap before
{Heap before GC invocations=13 (full 1):
 PSYoungGen      total 287232K, used 287215K [0x00000000eab00000, 0x0000000100000000, 0x0000000100000000)
  eden space 225280K, 100% used [0x00000000eab00000,0x00000000f8700000,0x00000000f8700000)
  from space 61952K, 99% used [0x00000000f8700000,0x00000000fc37be40,0x00000000fc380000)
  to   space 61952K, 0% used [0x00000000fc380000,0x00000000fc380000,0x0000000100000000)
 ParOldGen       total 157184K, used 117189K [0x00000000c0000000, 0x00000000c9980000, 0x00000000eab00000)
  object space 157184K, 74% used [0x00000000c0000000,0x00000000c7271710,0x00000000c9980000)
 Metaspace       used 6085K, capacity 7216K, committed 7296K, reserved 1056768K
  class space    used 572K, capacity 616K, committed 640K, reserved 1048576K
Event: 5,192 GC heap after
Heap after GC invocations=13 (full 1):
 PSYoungGen      total 287232K, used 287215K [0x00000000eab00000, 0x0000000100000000, 0x0000000100000000)
  eden space 225280K, 100% used [0x00000000eab00000,0x00000000f8700000,0x00000000f8700000)
  from space 61952K, 99% used [0x00000000f8700000,0x00000000fc37be40,0x00000000fc380000)
  to   space 61952K, 79% used [0x00000000fc380000,0x00000000ff3835d0,0x0000000100000000)
 ParOldGen       total 164352K, used 164101K [0x00000000c0000000, 0x00000000ca080000, 0x00000000eab00000)
  object space 164352K, 99% used [0x00000000c0000000,0x00000000ca041520,0x00000000ca080000)
 Metaspace       used 6085K, capacity 7216K, committed 7296K, reserved 1056768K
  class space    used 572K, capacity 616K, committed 640K, reserved 1048576K
}
Event: 5,192 GC heap before
{Heap before GC invocations=14 (full 2):
 PSYoungGen      total 287232K, used 287215K [0x00000000eab00000, 0x0000000100000000, 0x0000000100000000)
  eden space 225280K, 100% used [0x00000000eab00000,0x00000000f8700000,0x00000000f8700000)
  from space 61952K, 99% used [0x00000000f8700000,0x00000000fc37be40,0x00000000fc380000)
  to   space 61952K, 79% used [0x00000000fc380000,0x00000000ff3835d0,0x0000000100000000)
 ParOldGen       total 164352K, used 164101K [0x00000000c0000000, 0x00000000ca080000, 0x00000000eab00000)
  object space 164352K, 99% used [0x00000000c0000000,0x00000000ca041520,0x00000000ca080000)
 Metaspace       used 6085K, capacity 7216K, committed 7296K, reserved 1056768K
  class space    used 572K, capacity 616K, committed 640K, reserved 1048576K

