# JRE version: Java(TM) SE Runtime Environment (8.0_40-b26) (build 1.8.0_40-b26)
# Java VM: Java HotSpot(TM) 64-Bit Server VM (25.40-b25 mixed mode linux-amd64 compressed oops)
Heap:
 PSYoungGen      total 241664K, used 33965K [0x00000000eab00000, 0x0000000100000000, 0x0000000100000000)
  eden space 178176K, 0% used [0x00000000eab00000,0x00000000eab00000,0x00000000f5900000)
  from space 63488K, 53% used [0x00000000fc200000,0x00000000fe32b428,0x0000000100000000)
  to   space 85504K, 0% used [0x00000000f5900000,0x00000000f5900000,0x00000000fac80000)
 ParOldGen       total 169472K, used 169189K [0x00000000c0000000, 0x00000000ca580000, 0x00000000eab00000)
  object space 169472K, 99% used [0x00000000c0000000,0x00000000ca539590,0x00000000ca580000)
 Metaspace       used 6089K, capacity 7216K, committed 7296K, reserved 1056768K
  class space    used 572K, capacity 616K, committed 640K, reserved 1048576K
GC Heap History (10 events):
Event: 2,599 GC heap after
Heap after GC invocations=7 (full 0):
 PSYoungGen      total 281600K, used 31229K [0x00000000eab00000, 0x0000000100000000, 0x0000000100000000)
  eden space 250368K, 0% used [0x00000000eab00000,0x00000000eab00000,0x00000000f9f80000)
  from space 31232K, 99% used [0x00000000f9f80000,0x00000000fbdff618,0x00000000fbe00000)
  to   space 51712K, 0% used [0x00000000fcd80000,0x00000000fcd80000,0x0000000100000000)
 ParOldGen       total 84992K, used 79903K [0x00000000c0000000, 0x00000000c5300000, 0x00000000eab00000)
  object space 84992K, 94% used [0x00000000c0000000,0x00000000c4e07e98,0x00000000c5300000)
 Metaspace       used 6061K, capacity 7216K, committed 7296K, reserved 1056768K
  class space    used 572K, capacity 616K, committed 640K, reserved 1048576K
}
Event: 2,599 GC heap before
{Heap before GC invocations=8 (full 1):
 PSYoungGen      total 281600K, used 31229K [0x00000000eab00000, 0x0000000100000000, 0x0000000100000000)
  eden space 250368K, 0% used [0x00000000eab00000,0x00000000eab00000,0x00000000f9f80000)
  from space 31232K, 99% used [0x00000000f9f80000,0x00000000fbdff618,0x00000000fbe00000)
  to   space 51712K, 0% used [0x00000000fcd80000,0x00000000fcd80000,0x0000000100000000)
 ParOldGen       total 84992K, used 79903K [0x00000000c0000000, 0x00000000c5300000, 0x00000000eab00000)
  object space 84992K, 94% used [0x00000000c0000000,0x00000000c4e07e98,0x00000000c5300000)
 Metaspace       used 6061K, capacity 7216K, committed 7296K, reserved 1056768K
  class space    used 572K, capacity 616K, committed 640K, reserved 1048576K
Event: 3,001 GC heap after
Heap after GC invocations=8 (full 1):
 PSYoungGen      total 281600K, used 22458K [0x00000000eab00000, 0x0000000100000000, 0x0000000100000000)
  eden space 250368K, 0% used [0x00000000eab00000,0x00000000eab00000,0x00000000f9f80000)
  from space 31232K, 71% used [0x00000000f9f80000,0x00000000fb56e950,0x00000000fbe00000)
  to   space 51712K, 0% used [0x00000000fcd80000,0x00000000fcd80000,0x0000000100000000)
 ParOldGen       total 169472K, used 84924K [0x00000000c0000000, 0x00000000ca580000, 0x00000000eab00000)
  object space 169472K, 50% used [0x00000000c0000000,0x00000000c52ef3d8,0x00000000ca580000)
 Metaspace       used 6061K, capacity 7216K, committed 7296K, reserved 1056768K
  class space    used 572K, capacity 616K, committed 640K, reserved 1048576K
}
Event: 3,470 GC heap before
{Heap before GC invocations=9 (full 1):
 PSYoungGen      total 281600K, used 272826K [0x00000000eab00000, 0x0000000100000000, 0x0000000100000000)
  eden space 250368K, 100% used [0x00000000eab00000,0x00000000f9f80000,0x00000000f9f80000)
  from space 31232K, 71% used [0x00000000f9f80000,0x00000000fb56e950,0x00000000fbe00000)
  to   space 51712K, 0% used [0x00000000fcd80000,0x00000000fcd80000,0x0000000100000000)
 ParOldGen       total 169472K, used 84924K [0x00000000c0000000, 0x00000000ca580000, 0x00000000eab00000)
  object space 169472K, 50% used [0x00000000c0000000,0x00000000c52ef3d8,0x00000000ca580000)
 Metaspace       used 6075K, capacity 7216K, committed 7296K, reserved 1056768K
  class space    used 572K, capacity 616K, committed 640K, reserved 1048576K
Event: 3,517 GC heap after
Heap after GC invocations=9 (full 1):
 PSYoungGen      total 273920K, used 51680K [0x00000000eab00000, 0x0000000100000000, 0x0000000100000000)
  eden space 222208K, 0% used [0x00000000eab00000,0x00000000eab00000,0x00000000f8400000)
  from space 51712K, 99% used [0x00000000fcd80000,0x00000000ffff8238,0x0000000100000000)
  to   space 63488K, 0% used [0x00000000f8400000,0x00000000f8400000,0x00000000fc200000)
 ParOldGen       total 169472K, used 90655K [0x00000000c0000000, 0x00000000ca580000, 0x00000000eab00000)
  object space 169472K, 53% used [0x00000000c0000000,0x00000000c5887ff0,0x00000000ca580000)
 Metaspace       used 6075K, capacity 7216K, committed 7296K, reserved 1056768K
  class space    used 572K, capacity 616K, committed 640K, reserved 1048576K
}
Event: 3,938 GC heap before
{Heap before GC invocations=10 (full 1):
 PSYoungGen      total 273920K, used 273888K [0x00000000eab00000, 0x0000000100000000, 0x0000000100000000)
  eden space 222208K, 100% used [0x00000000eab00000,0x00000000f8400000,0x00000000f8400000)
  from space 51712K, 99% used [0x00000000fcd80000,0x00000000ffff8238,0x0000000100000000)
  to   space 63488K, 0% used [0x00000000f8400000,0x00000000f8400000,0x00000000fc200000)
 ParOldGen       total 169472K, used 90655K [0x00000000c0000000, 0x00000000ca580000, 0x00000000eab00000)
  object space 169472K, 53% used [0x00000000c0000000,0x00000000c5887ff0,0x00000000ca580000)
 Metaspace       used 6081K, capacity 7216K, committed 7296K, reserved 1056768K
  class space    used 572K, capacity 616K, committed 640K, reserved 1048576K
Event: 3,989 GC heap after
Heap after GC invocations=10 (full 1):
 PSYoungGen      total 285696K, used 63482K [0x00000000eab00000, 0x0000000100000000, 0x0000000100000000)
  eden space 222208K, 0% used [0x00000000eab00000,0x00000000eab00000,0x00000000f8400000)
  from space 63488K, 99% used [0x00000000f8400000,0x00000000fc1fe820,0x00000000fc200000)
  to   space 63488K, 0% used [0x00000000fc200000,0x00000000fc200000,0x0000000100000000)
 ParOldGen       total 169472K, used 111397K [0x00000000c0000000, 0x00000000ca580000, 0x00000000eab00000)
  object space 169472K, 65% used [0x00000000c0000000,0x00000000c6cc97e8,0x00000000ca580000)
 Metaspace       used 6081K, capacity 7216K, committed 7296K, reserved 1056768K
  class space    used 572K, capacity 616K, committed 640K, reserved 1048576K
}
Event: 4,418 GC heap before
{Heap before GC invocations=11 (full 1):
 PSYoungGen      total 285696K, used 285690K [0x00000000eab00000, 0x0000000100000000, 0x0000000100000000)
  eden space 222208K, 100% used [0x00000000eab00000,0x00000000f8400000,0x00000000f8400000)
  from space 63488K, 99% used [0x00000000f8400000,0x00000000fc1fe820,0x00000000fc200000)
  to   space 63488K, 0% used [0x00000000fc200000,0x00000000fc200000,0x0000000100000000)
 ParOldGen       total 169472K, used 111397K [0x00000000c0000000, 0x00000000ca580000, 0x00000000eab00000)
  object space 169472K, 65% used [0x00000000c0000000,0x00000000c6cc97e8,0x00000000ca580000)
 Metaspace       used 6089K, capacity 7216K, committed 7296K, reserved 1056768K
  class space    used 572K, capacity 616K, committed 640K, reserved 1048576K
Event: 4,478 GC heap after
Heap after GC invocations=11 (full 1):
 PSYoungGen      total 241664K, used 54739K [0x00000000eab00000, 0x0000000100000000, 0x0000000100000000)
  eden space 178176K, 0% used [0x00000000eab00000,0x00000000eab00000,0x00000000f5900000)
  from space 63488K, 86% used [0x00000000fc200000,0x00000000ff774ea0,0x0000000100000000)
  to   space 85504K, 0% used [0x00000000f5900000,0x00000000f5900000,0x00000000fac80000)
 ParOldGen       total 169472K, used 155660K [0x00000000c0000000, 0x00000000ca580000, 0x00000000eab00000)
  object space 169472K, 91% used [0x00000000c0000000,0x00000000c9803178,0x00000000ca580000)
 Metaspace       used 6089K, capacity 7216K, committed 7296K, reserved 1056768K
  class space    used 572K, capacity 616K, committed 640K, reserved 1048576K
}
Event: 4,478 GC heap before
{Heap before GC invocations=12 (full 2):
 PSYoungGen      total 241664K, used 54739K [0x00000000eab00000, 0x0000000100000000, 0x0000000100000000)
  eden space 178176K, 0% used [0x00000000eab00000,0x00000000eab00000,0x00000000f5900000)
  from space 63488K, 86% used [0x00000000fc200000,0x00000000ff774ea0,0x0000000100000000)
  to   space 85504K, 0% used [0x00000000f5900000,0x00000000f5900000,0x00000000fac80000)
 ParOldGen       total 169472K, used 155660K [0x00000000c0000000, 0x00000000ca580000, 0x00000000eab00000)
  object space 169472K, 91% used [0x00000000c0000000,0x00000000c9803178,0x00000000ca580000)
 Metaspace       used 6089K, capacity 7216K, committed 7296K, reserved 1056768K
  class space    used 572K, capacity 616K, committed 640K, reserved 1048576K

